*** Using Compiler 'V5.06 update 1 (build 61)', folder: 'D:\keil_v5\ARM\ARMCC\Bin'
Build target 'rm_main'
compiling test_task.c...
compiling status_task.c...
compiling usb_task.c...
compiling vision_send_task.c...
compiling bsp_TriggerMotor.c...
compiling gimbal_task.c...
compiling judgesend_task.c...
..\app\judgesend_task.c(106): warning:  #177-D: variable "i" was declared but never referenced
  	int i=0;
..\app\judgesend_task.c: 1 warning, 0 errors
compiling shoot_task .c...
compiling comm_task.c...
compiling chassis_task.c...
compiling vision_predict.c...
compiling bsp_can.c...
compiling decode.c...
compiling packet.c...
compiling DataScope_DP.C...
linking...
Program Size: Code=66992 RO-data=2004 RW-data=900 ZI-data=39532  
FromELF: creating hex file...
".\rm_main\rm_main.axf" - 0 Error(s), 1 Warning(s).
Build Time Elapsed:  00:00:10
